<?xml version="1.0" encoding="UTF-8"?>
<testng-results ignored="0" total="1" passed="1" failed="0" skipped="0">
  <reporter-output>
  </reporter-output>
  <suite started-at="2024-07-24T21:34:19 IST" name="Default suite" finished-at="2024-07-24T21:34:27 IST" duration-ms="8415">
    <groups>
    </groups>
    <test started-at="2024-07-24T21:34:19 IST" name="Default test" finished-at="2024-07-24T21:34:27 IST" duration-ms="8415">
      <class name="Global_Logic.GSConsulting.DelayedResponseTest">
        <test-method signature="testDelayedResponse()[pri:0, instance:Global_Logic.GSConsulting.DelayedResponseTest@441772e]" started-at="2024-07-24T21:34:19 IST" name="testDelayedResponse" finished-at="2024-07-24T21:34:27 IST" duration-ms="8377" status="PASS">
          <reporter-output>
          </reporter-output>
        </test-method> <!-- testDelayedResponse -->
      </class> <!-- Global_Logic.GSConsulting.DelayedResponseTest -->
    </test> <!-- Default test -->
  </suite> <!-- Default suite -->
</testng-results>
